::1 - - [14/Jan/2022:21:27:43 -0300] "GET /us_splash/index.php HTTP/1.1" 200 1363 "-" "Mozilla/5.0 (Windows NT 10.0; Win64; x64) AppleWebKit/537.36 (KHTML, like Gecko) Chrome/97.0.4692.71 Safari/537.36"
::1 - - [14/Jan/2022:21:27:43 -0300] "GET /us_splash/css/style.css HTTP/1.1" 200 747 "http://localhost/us_splash/index.php" "Mozilla/5.0 (Windows NT 10.0; Win64; x64) AppleWebKit/537.36 (KHTML, like Gecko) Chrome/97.0.4692.71 Safari/537.36"
::1 - - [14/Jan/2022:21:27:43 -0300] "GET /us_splash/images/logo.png HTTP/1.1" 200 27859 "http://localhost/us_splash/index.php" "Mozilla/5.0 (Windows NT 10.0; Win64; x64) AppleWebKit/537.36 (KHTML, like Gecko) Chrome/97.0.4692.71 Safari/537.36"
::1 - - [14/Jan/2022:21:27:43 -0300] "GET /us_splash/images/branding_bg.png HTTP/1.1" 200 188 "http://localhost/us_splash/css/style.css" "Mozilla/5.0 (Windows NT 10.0; Win64; x64) AppleWebKit/537.36 (KHTML, like Gecko) Chrome/97.0.4692.71 Safari/537.36"
::1 - - [14/Jan/2022:21:27:43 -0300] "GET /favicon.ico HTTP/1.1" 200 447 "http://localhost/us_splash/index.php" "Mozilla/5.0 (Windows NT 10.0; Win64; x64) AppleWebKit/537.36 (KHTML, like Gecko) Chrome/97.0.4692.71 Safari/537.36"
::1 - - [14/Jan/2022:21:28:09 -0300] "GET / HTTP/1.1" 200 1009 "-" "Mozilla/5.0 (Windows NT 10.0; Win64; x64) AppleWebKit/537.36 (KHTML, like Gecko) Chrome/97.0.4692.71 Safari/537.36"
::1 - - [14/Jan/2022:21:28:09 -0300] "GET /images/padlock2.gif HTTP/1.1" 200 1144 "http://localhost/" "Mozilla/5.0 (Windows NT 10.0; Win64; x64) AppleWebKit/537.36 (KHTML, like Gecko) Chrome/97.0.4692.71 Safari/537.36"
::1 - - [14/Jan/2022:21:28:09 -0300] "GET /images/logo.png HTTP/1.1" 200 27859 "http://localhost/" "Mozilla/5.0 (Windows NT 10.0; Win64; x64) AppleWebKit/537.36 (KHTML, like Gecko) Chrome/97.0.4692.71 Safari/537.36"
::1 - - [14/Jan/2022:21:28:09 -0300] "GET /css/style.css HTTP/1.1" 200 731 "http://localhost/" "Mozilla/5.0 (Windows NT 10.0; Win64; x64) AppleWebKit/537.36 (KHTML, like Gecko) Chrome/97.0.4692.71 Safari/537.36"
::1 - - [14/Jan/2022:21:28:09 -0300] "GET /images/branding_bg.png HTTP/1.1" 200 188 "http://localhost/css/style.css" "Mozilla/5.0 (Windows NT 10.0; Win64; x64) AppleWebKit/537.36 (KHTML, like Gecko) Chrome/97.0.4692.71 Safari/537.36"
::1 - - [14/Jan/2022:21:28:11 -0300] "GET /indes HTTP/1.1" 301 231 "http://localhost/" "Mozilla/5.0 (Windows NT 10.0; Win64; x64) AppleWebKit/537.36 (KHTML, like Gecko) Chrome/97.0.4692.71 Safari/537.36"
::1 - - [14/Jan/2022:21:28:11 -0300] "GET /indes/ HTTP/1.1" 200 557 "http://localhost/" "Mozilla/5.0 (Windows NT 10.0; Win64; x64) AppleWebKit/537.36 (KHTML, like Gecko) Chrome/97.0.4692.71 Safari/537.36"
::1 - - [14/Jan/2022:21:28:11 -0300] "GET /icons/back.gif HTTP/1.1" 200 216 "http://localhost/indes/" "Mozilla/5.0 (Windows NT 10.0; Win64; x64) AppleWebKit/537.36 (KHTML, like Gecko) Chrome/97.0.4692.71 Safari/537.36"
::1 - - [14/Jan/2022:21:28:11 -0300] "GET /icons/blank.gif HTTP/1.1" 200 148 "http://localhost/indes/" "Mozilla/5.0 (Windows NT 10.0; Win64; x64) AppleWebKit/537.36 (KHTML, like Gecko) Chrome/97.0.4692.71 Safari/537.36"
::1 - - [14/Jan/2022:21:28:11 -0300] "GET /icons/unknown.gif HTTP/1.1" 200 245 "http://localhost/indes/" "Mozilla/5.0 (Windows NT 10.0; Win64; x64) AppleWebKit/537.36 (KHTML, like Gecko) Chrome/97.0.4692.71 Safari/537.36"
::1 - - [14/Jan/2022:21:28:11 -0300] "GET /icons/image2.gif HTTP/1.1" 200 309 "http://localhost/indes/" "Mozilla/5.0 (Windows NT 10.0; Win64; x64) AppleWebKit/537.36 (KHTML, like Gecko) Chrome/97.0.4692.71 Safari/537.36"
::1 - - [14/Jan/2022:21:28:11 -0300] "GET /icons/layout.gif HTTP/1.1" 200 276 "http://localhost/indes/" "Mozilla/5.0 (Windows NT 10.0; Win64; x64) AppleWebKit/537.36 (KHTML, like Gecko) Chrome/97.0.4692.71 Safari/537.36"
::1 - - [14/Jan/2022:21:28:11 -0300] "GET /icons/compressed.gif HTTP/1.1" 200 1038 "http://localhost/indes/" "Mozilla/5.0 (Windows NT 10.0; Win64; x64) AppleWebKit/537.36 (KHTML, like Gecko) Chrome/97.0.4692.71 Safari/537.36"
::1 - - [14/Jan/2022:21:28:32 -0300] "GET /indes/ HTTP/1.1" 200 587 "http://localhost/" "Mozilla/5.0 (Windows NT 10.0; Win64; x64) AppleWebKit/537.36 (KHTML, like Gecko) Chrome/97.0.4692.71 Safari/537.36"
::1 - - [14/Jan/2022:21:28:32 -0300] "GET /icons/folder.gif HTTP/1.1" 200 225 "http://localhost/indes/" "Mozilla/5.0 (Windows NT 10.0; Win64; x64) AppleWebKit/537.36 (KHTML, like Gecko) Chrome/97.0.4692.71 Safari/537.36"
::1 - - [14/Jan/2022:21:28:34 -0300] "GET /indes/niveyro-banner/ HTTP/1.1" 200 452 "http://localhost/indes/" "Mozilla/5.0 (Windows NT 10.0; Win64; x64) AppleWebKit/537.36 (KHTML, like Gecko) Chrome/97.0.4692.71 Safari/537.36"
::1 - - [14/Jan/2022:21:28:35 -0300] "GET /indes/niveyro-banner/release/ HTTP/1.1" 500 - "http://localhost/indes/niveyro-banner/" "Mozilla/5.0 (Windows NT 10.0; Win64; x64) AppleWebKit/537.36 (KHTML, like Gecko) Chrome/97.0.4692.71 Safari/537.36"
::1 - - [14/Jan/2022:21:28:36 -0300] "GET /indes/niveyro-banner/release/ HTTP/1.1" 500 - "http://localhost/indes/niveyro-banner/" "Mozilla/5.0 (Windows NT 10.0; Win64; x64) AppleWebKit/537.36 (KHTML, like Gecko) Chrome/97.0.4692.71 Safari/537.36"
::1 - - [14/Jan/2022:21:28:37 -0300] "GET /indes/niveyro-banner/release/ HTTP/1.1" 500 - "http://localhost/indes/niveyro-banner/" "Mozilla/5.0 (Windows NT 10.0; Win64; x64) AppleWebKit/537.36 (KHTML, like Gecko) Chrome/97.0.4692.71 Safari/537.36"
::1 - - [14/Jan/2022:21:28:39 -0300] "GET /indes/niveyro-banner/manual.pdf HTTP/1.1" 200 582258 "http://localhost/indes/niveyro-banner/" "Mozilla/5.0 (Windows NT 10.0; Win64; x64) AppleWebKit/537.36 (KHTML, like Gecko) Chrome/97.0.4692.71 Safari/537.36"
::1 - - [14/Jan/2022:21:28:42 -0300] "GET /indes/ HTTP/1.1" 200 587 "http://localhost/" "Mozilla/5.0 (Windows NT 10.0; Win64; x64) AppleWebKit/537.36 (KHTML, like Gecko) Chrome/97.0.4692.71 Safari/537.36"
::1 - - [14/Jan/2022:21:28:44 -0300] "GET /indes/niveyro-banner/ HTTP/1.1" 200 452 "http://localhost/indes/" "Mozilla/5.0 (Windows NT 10.0; Win64; x64) AppleWebKit/537.36 (KHTML, like Gecko) Chrome/97.0.4692.71 Safari/537.36"
::1 - - [14/Jan/2022:21:28:48 -0300] "GET /indes/niveyro-banner/release/ HTTP/1.1" 500 - "http://localhost/indes/niveyro-banner/" "Mozilla/5.0 (Windows NT 10.0; Win64; x64) AppleWebKit/537.36 (KHTML, like Gecko) Chrome/97.0.4692.71 Safari/537.36"
::1 - - [14/Jan/2022:21:28:50 -0300] "GET /indes/niveyro-banner/release/ HTTP/1.1" 500 - "http://localhost/indes/niveyro-banner/" "Mozilla/5.0 (Windows NT 10.0; Win64; x64) AppleWebKit/537.36 (KHTML, like Gecko) Chrome/97.0.4692.71 Safari/537.36"
::1 - - [14/Jan/2022:21:29:11 -0300] "GET /indes/niveyro-banner/release/ HTTP/1.1" 500 - "http://localhost/indes/niveyro-banner/" "Mozilla/5.0 (Windows NT 10.0; Win64; x64) AppleWebKit/537.36 (KHTML, like Gecko) Chrome/97.0.4692.71 Safari/537.36"
::1 - - [14/Jan/2022:21:29:13 -0300] "GET / HTTP/1.1" 200 1019 "-" "Mozilla/5.0 (Windows NT 10.0; Win64; x64) AppleWebKit/537.36 (KHTML, like Gecko) Chrome/97.0.4692.71 Safari/537.36"
::1 - - [14/Jan/2022:21:29:16 -0300] "GET /res HTTP/1.1" 301 229 "http://localhost/" "Mozilla/5.0 (Windows NT 10.0; Win64; x64) AppleWebKit/537.36 (KHTML, like Gecko) Chrome/97.0.4692.71 Safari/537.36"
::1 - - [14/Jan/2022:21:29:16 -0300] "GET /res/ HTTP/1.1" 500 - "http://localhost/" "Mozilla/5.0 (Windows NT 10.0; Win64; x64) AppleWebKit/537.36 (KHTML, like Gecko) Chrome/97.0.4692.71 Safari/537.36"
::1 - - [14/Jan/2022:21:29:19 -0300] "GET /res/ HTTP/1.1" 500 - "http://localhost/" "Mozilla/5.0 (Windows NT 10.0; Win64; x64) AppleWebKit/537.36 (KHTML, like Gecko) Chrome/97.0.4692.71 Safari/537.36"
::1 - - [14/Jan/2022:21:29:20 -0300] "GET /res/ HTTP/1.1" 500 - "http://localhost/" "Mozilla/5.0 (Windows NT 10.0; Win64; x64) AppleWebKit/537.36 (KHTML, like Gecko) Chrome/97.0.4692.71 Safari/537.36"
::1 - - [14/Jan/2022:21:29:58 -0300] "GET / HTTP/1.1" 200 1019 "-" "Mozilla/5.0 (Windows NT 10.0; Win64; x64) AppleWebKit/537.36 (KHTML, like Gecko) Chrome/97.0.4692.71 Safari/537.36"
::1 - - [14/Jan/2022:21:29:59 -0300] "GET /res/ HTTP/1.1" 500 - "http://localhost/" "Mozilla/5.0 (Windows NT 10.0; Win64; x64) AppleWebKit/537.36 (KHTML, like Gecko) Chrome/97.0.4692.71 Safari/537.36"
::1 - - [14/Jan/2022:21:30:01 -0300] "GET /res/ HTTP/1.1" 500 - "http://localhost/" "Mozilla/5.0 (Windows NT 10.0; Win64; x64) AppleWebKit/537.36 (KHTML, like Gecko) Chrome/97.0.4692.71 Safari/537.36"
::1 - - [14/Jan/2022:21:30:03 -0300] "GET /res/ HTTP/1.1" 500 - "http://localhost/" "Mozilla/5.0 (Windows NT 10.0; Win64; x64) AppleWebKit/537.36 (KHTML, like Gecko) Chrome/97.0.4692.71 Safari/537.36"
::1 - - [14/Jan/2022:21:30:07 -0300] "GET /res/ HTTP/1.1" 500 - "http://localhost/" "Mozilla/5.0 (Windows NT 10.0; Win64; x64) AppleWebKit/537.36 (KHTML, like Gecko) Chrome/97.0.4692.71 Safari/537.36"
::1 - - [14/Jan/2022:21:30:09 -0300] "GET /res/ HTTP/1.1" 500 - "http://localhost/" "Mozilla/5.0 (Windows NT 10.0; Win64; x64) AppleWebKit/537.36 (KHTML, like Gecko) Chrome/97.0.4692.71 Safari/537.36"
::1 - - [14/Jan/2022:21:30:20 -0300] "GET /indes/ HTTP/1.1" 200 587 "http://localhost/" "Mozilla/5.0 (Windows NT 10.0; Win64; x64) AppleWebKit/537.36 (KHTML, like Gecko) Chrome/97.0.4692.71 Safari/537.36"
::1 - - [14/Jan/2022:21:30:33 -0300] "GET /res/ HTTP/1.1" 500 - "http://localhost/" "Mozilla/5.0 (Windows NT 10.0; Win64; x64) AppleWebKit/537.36 (KHTML, like Gecko) Chrome/97.0.4692.71 Safari/537.36"
::1 - - [14/Jan/2022:21:30:54 -0300] "GET /indes/ HTTP/1.1" 200 587 "http://localhost/" "Mozilla/5.0 (Windows NT 10.0; Win64; x64) AppleWebKit/537.36 (KHTML, like Gecko) Chrome/97.0.4692.71 Safari/537.36"
::1 - - [14/Jan/2022:21:30:57 -0300] "GET /indes/niveyro-banner/ HTTP/1.1" 200 452 "http://localhost/indes/" "Mozilla/5.0 (Windows NT 10.0; Win64; x64) AppleWebKit/537.36 (KHTML, like Gecko) Chrome/97.0.4692.71 Safari/537.36"
::1 - - [14/Jan/2022:21:31:54 -0300] "-" 408 - "-" "-"
::1 - - [14/Jan/2022:21:32:17 -0300] "-" 408 - "-" "-"
