[Fri Jan 14 21:27:40.017675 2022] [mpm_winnt:notice] [pid 3032:tid 708] AH00455: Apache/2.4.6 (Win32) PHP/5.4.19 configured -- resuming normal operations
[Fri Jan 14 21:27:40.017675 2022] [mpm_winnt:notice] [pid 3032:tid 708] AH00456: Apache Lounge VC10 Server built: Jul 16 2013 11:15:41
[Fri Jan 14 21:27:40.017675 2022] [core:notice] [pid 3032:tid 708] AH00094: Command line: 'D:\\Ivan\\DolorDeHuebo\\SV\\UniServer\\usr\\local\\apache2\\bin\\httpd1.exe -d D:/Ivan/DolorDeHuebo/SV/UniServer/usr/local/apache2 -f D:\\Ivan\\DolorDeHuebo\\SV\\UniServer\\usr\\local\\apache2\\conf\\httpd.conf -d D:\\Ivan\\DolorDeHuebo\\SV\\UniServer\\usr\\local\\apache2'
[Fri Jan 14 21:27:40.020685 2022] [mpm_winnt:notice] [pid 3032:tid 708] AH00418: Parent: Created child process 3556
[Fri Jan 14 21:27:40.749620 2022] [mpm_winnt:notice] [pid 3556:tid 796] AH00354: Child: Starting 150 worker threads.
[Fri Jan 14 21:28:35.512228 2022] [:error] [pid 3556:tid 1876] [client ::1:58033] PHP Fatal error:  Cannot create references to elements of a temporary array expression in D:\\Ivan\\DolorDeHuebo\\SV\\UniServer\\www\\indes\\niveyro-banner\\release\\index.php on line 142, referer: http://localhost/indes/niveyro-banner/
[Fri Jan 14 21:28:36.659557 2022] [:error] [pid 3556:tid 1892] [client ::1:58034] PHP Fatal error:  Cannot create references to elements of a temporary array expression in D:\\Ivan\\DolorDeHuebo\\SV\\UniServer\\www\\indes\\niveyro-banner\\release\\index.php on line 142, referer: http://localhost/indes/niveyro-banner/
[Fri Jan 14 21:28:37.752715 2022] [:error] [pid 3556:tid 1876] [client ::1:58035] PHP Fatal error:  Cannot create references to elements of a temporary array expression in D:\\Ivan\\DolorDeHuebo\\SV\\UniServer\\www\\indes\\niveyro-banner\\release\\index.php on line 142, referer: http://localhost/indes/niveyro-banner/
[Fri Jan 14 21:28:48.015690 2022] [:error] [pid 3556:tid 1892] [client ::1:58036] PHP Fatal error:  Cannot create references to elements of a temporary array expression in D:\\Ivan\\DolorDeHuebo\\SV\\UniServer\\www\\indes\\niveyro-banner\\release\\index.php on line 142, referer: http://localhost/indes/niveyro-banner/
[Fri Jan 14 21:28:50.472890 2022] [:error] [pid 3556:tid 1876] [client ::1:58037] PHP Fatal error:  Cannot create references to elements of a temporary array expression in D:\\Ivan\\DolorDeHuebo\\SV\\UniServer\\www\\indes\\niveyro-banner\\release\\index.php on line 142, referer: http://localhost/indes/niveyro-banner/
[Fri Jan 14 21:29:11.659443 2022] [:error] [pid 3556:tid 1892] [client ::1:58040] PHP Fatal error:  Cannot create references to elements of a temporary array expression in D:\\Ivan\\DolorDeHuebo\\SV\\UniServer\\www\\indes\\niveyro-banner\\release\\index.php on line 142, referer: http://localhost/indes/niveyro-banner/
[Fri Jan 14 21:29:16.356582 2022] [:error] [pid 3556:tid 1876] [client ::1:58042] PHP Fatal error:  Cannot create references to elements of a temporary array expression in D:\\Ivan\\DolorDeHuebo\\SV\\UniServer\\www\\res\\index.php on line 142, referer: http://localhost/
[Fri Jan 14 21:29:19.258233 2022] [:error] [pid 3556:tid 1892] [client ::1:58043] PHP Fatal error:  Cannot create references to elements of a temporary array expression in D:\\Ivan\\DolorDeHuebo\\SV\\UniServer\\www\\res\\index.php on line 142, referer: http://localhost/
[Fri Jan 14 21:29:20.279133 2022] [:error] [pid 3556:tid 1876] [client ::1:58044] PHP Fatal error:  Cannot create references to elements of a temporary array expression in D:\\Ivan\\DolorDeHuebo\\SV\\UniServer\\www\\res\\index.php on line 142, referer: http://localhost/
[Fri Jan 14 21:29:59.485485 2022] [:error] [pid 3556:tid 1892] [client ::1:58045] PHP Fatal error:  Cannot create references to elements of a temporary array expression in D:\\Ivan\\DolorDeHuebo\\SV\\UniServer\\www\\res\\index.php on line 142, referer: http://localhost/
[Fri Jan 14 21:30:01.465608 2022] [:error] [pid 3556:tid 1876] [client ::1:49464] PHP Fatal error:  Cannot create references to elements of a temporary array expression in D:\\Ivan\\DolorDeHuebo\\SV\\UniServer\\www\\res\\index.php on line 142, referer: http://localhost/
[Fri Jan 14 21:30:03.398553 2022] [:error] [pid 3556:tid 1892] [client ::1:49465] PHP Fatal error:  Cannot create references to elements of a temporary array expression in D:\\Ivan\\DolorDeHuebo\\SV\\UniServer\\www\\res\\index.php on line 142, referer: http://localhost/
[Fri Jan 14 21:30:07.821777 2022] [:error] [pid 3556:tid 1876] [client ::1:49466] PHP Fatal error:  Cannot create references to elements of a temporary array expression in D:\\Ivan\\DolorDeHuebo\\SV\\UniServer\\www\\res\\index.php on line 142, referer: http://localhost/
[Fri Jan 14 21:30:09.893189 2022] [:error] [pid 3556:tid 1892] [client ::1:49467] PHP Fatal error:  Cannot create references to elements of a temporary array expression in D:\\Ivan\\DolorDeHuebo\\SV\\UniServer\\www\\res\\index.php on line 142, referer: http://localhost/
[Fri Jan 14 21:30:33.178841 2022] [:error] [pid 3556:tid 1892] [client ::1:49469] PHP Fatal error:  Cannot create references to elements of a temporary array expression in D:\\Ivan\\DolorDeHuebo\\SV\\UniServer\\www\\res\\index.php on line 142, referer: http://localhost/
